  ΓÇó electron-builder  version=26.8.1 os=10.0.26200
  ΓÇó loaded configuration  file=package.json ("build" field)
  ΓÇó executing @electron/rebuild  electronVersion=40.8.0 arch=x64 buildFromSource=false workspaceRoot=C:\Users\kjh\Desktop\buysialErp projectDir=./ appDir=./
  ΓÇó installing native dependencies  arch=x64
  ΓÇó completed installing native dependencies
  ΓÇó packaging       platform=win32 arch=x64 electron=40.8.0 appOutDir=dist-electron\win-unpacked
  ΓÇó asar usage is disabled ΓÇö this is strongly not recommended  solution=enable asar and use asarUnpack to unpack files that must be externally available
  ΓÇó searching for node modules  pm=npm searchDir=C:\Users\kjh\Desktop\buysialErp
node.exe : 
(node:28532) [DEP0190] 
DeprecationWarning: 
Passing args to a 
child process with 
shell option true can 
lead to security 
vulnerabilities, as 
the arguments are not 
escaped, only 
concatenated.
At line:1 char:1
+ & "C:\Program 
Files\nodejs/node.exe" 
"C:\Program 
Files\nodejs/node_mo 
...
+ ~~~~~~~~~~~~~~~~~~~~~
~~~~~~~~~~~~~~~~~~~~~~~
~~~~~~~~~~~~~~~~~~~~~~~
~~
    + CategoryInfo     
         : NotSpecifi  
  ed: ((node:28532)    
 [D...y concatenate    
d.:String) [], Rem    
oteException
    + FullyQualifiedEr 
   rorId : NativeComm  
  andError
 
(Use `node 
--trace-deprecation 
...` to show where the 
warning was created)
  ΓÇó duplicate dependency references  dependencies=["prisma@5.22.0","@types/react@18.3.28","react@18.3.1","@types/react@18.3.28","react@18.3.1","@types/react@18.3.28","react-dom@18.3.1","react@18.3.1","@types/react@18.3.28","react@18.3.1","@types/react@18.3.28","react@18.3.1","@types/react@18.3.28","react@18.3.1","@types/react@18.3.28","react-dom@18.3.1","react@18.3.1","@types/react@18.3.28","react@18.3.1","@types/react@18.3.28","react@18.3.1","@types/react@18.3.28","react-dom@18.3.1","react@18.3.1","@radix-ui/react-slot@1.2.3","@types/react@18.3.28","react-dom@18.3.1","react@18.3.1","@types/react@18.3.28","react@18.3.1","@types/react@18.3.28","react@18.3.1","@types/react@18.3.28","react@18.3.1","@types/react@18.3.28","react@18.3.1","@types/react@18.3.28","react-dom@18.3.1","react@18.3.1","@types/react@18.3.28","react@18.3.1","@radix-ui/react-slot@1.2.3","@types/react@18.3.28","react-dom@18.3.1","react@18.3.1","@types/react@18.3.28","react@18.3.1","@types/react@18.3.28","react-dom@18.3.1","react@18.3.1","@types/react@18.3.28","react@18.3.1","@radix-ui/react-slot@1.2.3","@types/react@18.3.28","react-dom@18.3.1","react@18.3.1","@types/react@18.3.28","react-dom@18.3.1","react@18.3.1","@types/react@18.3.28","react@18.3.1","@radix-ui/react-slot@1.2.3","@types/react@18.3.28","react-dom@18.3.1","react@18.3.1","@types/react@18.3.28","react-dom@18.3.1","react@18.3.1","@radix-ui/react-presence@1.1.5","@radix-ui/react-slot@1.2.3","@types/react@18.3.28","react-dom@18.3.1","react@18.3.1","@types/react@18.3.28","react@18.3.1","@radix-ui/react-use-controllable-state@1.2.2","@types/react@18.3.28","react-dom@18.3.1","@types/react@18.3.28","@types/react@18.3.28","react-style-singleton@2.2.3","react@18.3.1","@types/react@18.3.28","react@18.3.1","react@18.3.1","@types/react@18.3.28","react@18.3.1","@types/react@18.3.28","react@18.3.1","react@18.3.1","@types/react@18.3.28","react@18.3.1","@radix-ui/react-id@1.1.1","@radix-ui/react-collection@1.1.7","@types/react@18.3.28","react@18.3.1","@radix-ui/react-dismissable-layer@1.1.11","@radix-ui/react-focus-scope@1.1.7","@radix-ui/react-id@1.1.1","@radix-ui/react-popper@1.2.8","@radix-ui/react-portal@1.1.9","@radix-ui/react-presence@1.1.5","@radix-ui/react-slot@1.2.3","@types/react@18.3.28","react-dom@18.3.1","react@18.3.1","@radix-ui/react-roving-focus@1.1.11","@radix-ui/react-slot@1.2.3","@types/react@18.3.28","aria-hidden@1.2.6","react-dom@18.3.1","react-remove-scroll@2.7.2","react@18.3.1","@radix-ui/react-slot@1.2.3","@types/react@18.3.28","react-dom@18.3.1","react@18.3.1","@radix-ui/react-use-controllable-state@1.2.2","@types/react@18.3.28","react-dom@18.3.1","react@18.3.1","@radix-ui/react-primitive@2.1.4","@types/react@18.3.28","react-dom@18.3.1","react@18.3.1","@types/react@18.3.28","react@18.3.1","@radix-ui/react-dismissable-layer@1.1.11","@radix-ui/react-focus-scope@1.1.7","@radix-ui/react-id@1.1.1","react-dom@18.3.1","react@18.3.1","@radix-ui/react-slot@1.2.3","@types/react@18.3.28","react-dom@18.3.1","react@18.3.1","@types/react@18.3.28","react-dom@18.3.1","react@18.3.1","@types/react@18.3.28","react@18.3.1","@radix-ui/react-slot@1.2.3","@types/react@18.3.28","react-dom@18.3.1","react@18.3.1","@types/react@18.3.28","react@18.3.1","@radix-ui/react-use-size@1.1.1","@types/react@18.3.28","react-dom@18.3.1","react@18.3.1","@radix-ui/react-portal@1.1.9","@radix-ui/react-presence@1.1.5","@radix-ui/react-slot@1.2.3","@types/react@18.3.28","react-dom@18.3.1","react@18.3.1","@radix-ui/react-slot@1.2.3","@radix-ui/react-use-controllable-state@1.2.2","@types/react@18.3.28","aria-hidden@1.2.6","react-dom@18.3.1","react-remove-scroll@2.7.2","react@18.3.1","@radix-ui/react-primitive@2.1.4","@types/react@18.3.28","react-dom@18.3.1","react@18.3.1","@types/react@18.3.28","react@18.3.1","@types/react@18.3.28","react@18.3.1","@radix-ui/react-presence@1.1.5","@radix-ui/react-slot@1.2.3","@types/react@18.3.28","react-dom@18.3.1","react@18.3.1","@types/react@18.3.28","react-dom@18.3.1","react@18.3.1","@types/react@18.3.28","react@18.3.1","@radix-ui/react-slot@1.2.3","@types/react@18.3.28","react-dom@18.3.1","react@18.3.1","@radix-ui/react-slot@1.2.3","@types/react@18.3.28","react-dom@18.3.1","react@18.3.1","@types/react@18.3.28","react@18.3.1","@radix-ui/react-dismissable-layer@1.1.11","@radix-ui/react-focus-scope@1.1.7","@radix-ui/react-id@1.1.1","@radix-ui/react-popper@1.2.8","@radix-ui/react-portal@1.1.9","@radix-ui/react-slot@1.2.3","@types/react@18.3.28","react-dom@18.3.1","react@18.3.1","@radix-ui/react-slot@1.2.3","@radix-ui/react-use-controllable-state@1.2.2","@radix-ui/react-slot@1.2.3","@types/react@18.3.28","react-dom@18.3.1","react@18.3.1","@types/react@18.3.28","react-dom@18.3.1","react@18.3.1","@types/react@18.3.28","aria-hidden@1.2.6","react-dom@18.3.1","react-remove-scroll@2.7.2","react@18.3.1","@radix-ui/react-primitive@2.1.4","@types/react@18.3.28","react-dom@18.3.1","react@18.3.1","@radix-ui/react-collection@1.1.7","@types/react@18.3.28","react@18.3.1","@radix-ui/react-slot@1.2.3","@types/react@18.3.28","react-dom@18.3.1","react@18.3.1","@radix-ui/react-use-controllable-state@1.2.2","@radix-ui/react-use-size@1.1.1","@types/react@18.3.28","react-dom@18.3.1","react@18.3.1","@types/react@18.3.28","react@18.3.1","@radix-ui/react-slot@1.2.3","@types/react@18.3.28","react-dom@18.3.1","react@18.3.1","@radix-ui/react-use-controllable-state@1.2.2","@radix-ui/react-use-size@1.1.1","@types/react@18.3.28","react-dom@18.3.1","react@18.3.1","@types/react@18.3.28","react@18.3.1","@radix-ui/react-id@1.1.1","@radix-ui/react-presence@1.1.5","@radix-ui/react-slot@1.2.3","@types/react@18.3.28","react-dom@18.3.1","react@18.3.1","@radix-ui/react-collection@1.1.7","@types/react@18.3.28","react@18.3.1","@radix-ui/react-id@1.1.1","@radix-ui/react-slot@1.2.3","@types/react@18.3.28","react-dom@18.3.1","react@18.3.1","@radix-ui/react-use-controllable-state@1.2.2","@types/react@18.3.28","react-dom@18.3.1","react@18.3.1","@radix-ui/react-use-controllable-state@1.2.2","@types/react@18.3.28","react-dom@18.3.1","react@18.3.1","@types/react@18.3.28","react@18.3.1","@radix-ui/react-dismissable-layer@1.1.11","@radix-ui/react-id@1.1.1","@radix-ui/react-popper@1.2.8","@radix-ui/react-portal@1.1.9","@radix-ui/react-presence@1.1.5","@radix-ui/react-slot@1.2.3","@types/react@18.3.28","react-dom@18.3.1","react@18.3.1","@radix-ui/react-slot@1.2.3","@radix-ui/react-use-controllable-state@1.2.2","@radix-ui/react-visually-hidden@1.2.3","@types/react@18.3.28","react-dom@18.3.1","react@18.3.1","@types/node@20.19.37","@types/react@18.3.28","browserslist@4.28.1","postcss@8.5.8","react-dom@18.3.1","react@18.3.1","utrie@1.0.2","html2canvas@1.4.1","react@18.3.1","react-dom@18.3.1","react@18.3.1","react-dom@18.3.1","react@18.3.1","react@18.3.1","@prisma/get-platform@5.22.0","strip-ansi@6.0.1","string-width@4.2.3","strip-ansi@6.0.1","strip-ansi@6.0.1","react@18.3.1","loose-envify@1.4.0","react-dom@18.3.1","react@18.3.1","loose-envify@1.4.0","react-dom@18.3.1","loose-envify@1.4.0","react-dom@18.3.1","loose-envify@1.4.0","prop-types@15.8.1","react-dom@18.3.1","react@18.3.1","react@18.3.1","react@18.3.1","d3-array@3.2.4","d3-interpolate@3.0.1","d3-time@3.1.0","d3-time@3.1.0","d3-array@3.2.4","is-glob@4.0.3","is-glob@4.0.3","is-glob@4.0.3","micromatch@4.0.8","is-glob@4.0.3","braces@3.0.3","postcss@8.5.8","resolve@1.22.11","postcss@8.5.8","postcss@8.5.8","postcss-selector-parser@6.1.2","postcss@8.5.8","postcss@8.5.8","@types/react@18.3.28","react@18.3.1","react@18.3.1"]
  ΓÇó signing with signtool.exe  path=dist-electron\win-unpacked\resources\app\node_modules\@prisma\engines\schema-engine-windows.exe
  Γ¿» ENOENT: no such file or directory, rename 'C:\Users\kjh\Desktop\buysialErp\dist-electron\win-unpacked\electron.exe' -> 'C:\Users\kjh\Desktop\buysialErp\dist-electron\win-unpacked\BuysialPOS.exe'  failedTask=build stackTrace=Error: ENOENT: no such file or directory, rename 'C:\Users\kjh\Desktop\buysialErp\dist-electron\win-unpacked\electron.exe' -> 'C:\Users\kjh\Desktop\buysialErp\dist-electron\win-unpacked\BuysialPOS.exe'
