  ΓÇó electron-builder  version=26.8.1 os=10.0.26200
  ΓÇó loaded configuration  file=package.json ("build" field)
  ΓÇó executing @electron/rebuild  electronVersion=40.8.0 arch=x64 buildFromSource=false workspaceRoot=C:\Users\kjh\Desktop\buysialErp projectDir=./ appDir=./
  ΓÇó installing native dependencies  arch=x64
  ΓÇó completed installing native dependencies
  ΓÇó packaging       platform=win32 arch=x64 electron=40.8.0 appOutDir=dist-electron\win-unpacked
  Γ¿» zip: not a valid zip file
github.com/develar/app-builder/pkg/archive/zipx.(*Extractor).extractAndWriteFile
	/Users/runner/work/app-builder/app-builder/pkg/archive/zipx/unzip.go:234
github.com/develar/app-builder/pkg/archive/zipx.Unzip.func1.1
	/Users/runner/work/app-builder/app-builder/pkg/archive/zipx/unzip.go:104
github.com/develar/app-builder/pkg/util.MapAsyncConcurrency.func2
	/Users/runner/work/app-builder/app-builder/pkg/util/async.go:68
runtime.goexit
	/Users/runner/hostedtoolcache/go/1.21.13/arm64/src/runtime/asm_amd64.s:1650  
  Γ¿» C:\Users\kjh\Desktop\buysialErp\node_modules\app-builder-bin\win\x64\app-builder.exe process failed ERR_ELECTRON_BUILDER_CANNOT_EXECUTE
Exit code:
1  failedTask=build stackTrace=Error: C:\Users\kjh\Desktop\buysialErp\node_modules\app-builder-bin\win\x64\app-builder.exe process failed ERR_ELECTRON_BUILDER_CANNOT_EXECUTE
Exit code:
1
    at ChildProcess.<anonymous> (C:\Users\kjh\Desktop\buysialErp\node_modules\builder-util\src\util.ts:272:14)
    at Object.onceWrapper (node:events:623:26)
    at ChildProcess.emit (node:events:508:28)
    at ChildProcess.cp.emit (C:\Users\kjh\Desktop\buysialErp\node_modules\cross-spawn\lib\enoent.js:34:29)
    at maybeClose (node:internal/child_process:1100:16)
    at Process.ChildProcess._handle.onexit (node:internal/child_process:305:5)
